160
4 28 35 93 97
4 190 196 197 252
4 286 333 369 420
4 423 441 12 33
4 47 165 300 326
4 482 1 14 21
4 256 315 279 299
4 306 322 330 421
4 454 17 7 86
4 154 189 212 334
4 352 358 414 492
4 11 141 64 72
4 73 182 120 156
4 158 213 170 266
4 301 337 410 319
4 443 240 462 484
4 495 486 0 38
4 48 52 166 108
4 111 5 113 155
4 210 261 264 221
4 234 298 376 310
4 329 371 19 350
4 434 451 175 448
4 452 360 463 475
4 15 419 123 20
4 34 324 320 60
4 61 193 149 147
4 181 356 159 187
4 199 277 71 208
4 219 433 445 231
4 236 249 439 258
4 271 405 387 273
4 288 385 473 292
4 311 396 177 367
4 409 498 499 31
4 430 455 99 3
4 6 8 117 10
4 13 23 121 139
4 18 55 180 394
4 24 218 235 89
4 65 192 422 163
4 90 91 276 214
4 105 225 302 407
4 162 345 472 242
4 188 283 412 263
4 201 230 353 203
4 268 424 474 400
4 278 328 294 45
4 336 429 449 467
4 348 384 437 56
4 351 362 388 81
4 364 375 403 32
4 391 392 397 16
4 399 442 25 40
4 427 497 41 80
4 431 459 76 128
4 438 26 27 138
4 444 46 59 144
3 447 44 69
3 22 50 78
3 29 36 107
3 54 70 109
3 66 79 100
3 92 95 112
3 101 106 116
3 104 115 119
3 114 124 132
3 129 136 151
3 148 152 153
3 160 172 200
3 164 174 195
3 185 207 233
3 186 204 226
3 198 245 247
3 217 244 251
3 237 254 259
3 267 269 274
3 280 282 284
3 285 289 304
3 295 307 325
3 332 339 359
3 341 361 373
3 347 363 365
3 372 377 395
3 378 379 401
3 390 411 453
3 425 468 432
3 446 490 450
3 460 461 494
3 2 4 9
3 30 37 39
3 42 49 51
3 43 57 62
3 53 63 67
3 58 68 74
3 75 77 83
3 82 84 85
3 87 88 94
3 96 98 102
3 103 118 122
3 110 125 126
3 127 130 133
3 131 134 137
3 135 140 142
3 143 145 146
3 150 157 161
3 167 168 169
3 171 173 176
3 178 179 183
3 184 191 202
3 194 206 215
3 205 209 216
3 211 220 222
3 223 224 228
3 227 229 232
3 238 239 241
4 243 246 248 250
4 253 255 257 260
3 262 265 270
3 272 275 287
2 281 290
2 291 293
2 296 297
2 303 305
2 308 309
2 312 313
2 314 316
2 317 318
2 321 323
2 327 331
2 335 338
2 340 342
2 343 344
2 346 349
2 354 355
2 357 366
2 368 370
2 374 380
2 381 383
2 386 389
2 382 393
2 398 402
2 404 406
2 408 413
2 415 416
2 417 418
2 426 428
2 435 436
2 440 456
2 457 458
2 464 465
2 466 469
2 470 471
2 476 477
2 478 479
2 480 481
2 483 485
2 487 488
2 489 491
2 493 496
