1627
4 5357 5121 8148 6404
4 421 5913 2589 6255
4 5583 8785 6584 3629
4 9906 7710 5231 7529
4 1737 3987 8197 9487
4 2094 4386 6735 8754
4 5796 1756 998 2584
4 2395 2861 6312 59
4 6655 7923 8873 7569
4 7704 7444 6632 5515
4 9612 7262 8452 2489
4 7796 5905 398 8407
4 820 604 1248 6459
4 1729 9004 8603 7064
4 7549 9354 5886 8437
4 4848 8733 8189 6839
4 9529 4449 4233 3626
4 9213 4318 5744 1287
4 1524 8479 4574 9483
4 4100 9620 7108 3904
4 6823 5416 2545 9383
4 6476 1396 847 4041
4 4004 9131 5427 4644
4 3697 973 7792 9247
4 370 2061 4631 9618
4 3015 2155 4863 453
4 6668 7168 44 5363
4 3135 2222 2843 8284
4 1492 2752 7100 3505
4 2687 5570 9765 1561
4 2117 8775 8287 2935
4 461 1423 3273 7936
4 3295 6640 2932 5616
4 4036 8854 8004 674
4 1385 8591 6639 9813
4 3715 5918 2345 2331
4 2096 3420 666 6762
4 1556 5090 2598 6756
4 4695 5251 5592 9959
4 3825 1114 6196 8384
4 1677 4147 8689 5526
4 1081 5001 8119 1388
4 7525 4106 6613 3942
4 9818 5989 948 2246
4 864 9888 683 8911
4 8320 5083 3149 8240
4 4194 5052 936 7819
4 4473 3484 7369 8585
4 5211 2819 132 7863
4 9128 2968 7577 7515
4 2459 4670 8777 8814
4 962 2723 7939 7950
4 876 8837 8991 8636
4 7368 110 8641 752
4 9256 371 7208 7101
4 3457 2728 7290 281
4 8392 4808 1101 3176
4 2196 684 7259 9267
4 2212 5791 63 9614
4 2499 714 1013 3656
4 6240 5602 2548 5651
4 2475 9019 4090 9894
4 2064 3678 4916 3024
4 7834 4405 3765 1491
4 839 7945 4685 6170
4 5048 1071 7198 5945
4 4961 1115 7937 6677
4 1004 1233 9986 3795
4 9965 2124 3272 4579
4 3302 3647 5042 5046
4 8152 1707 2070 7104
4 384 7927 854 5773
4 2141 6782 9295 2080
4 1734 5101 4702 7961
4 2008 4788 1164 2115
4 7135 1341 2922 8058
4 6495 4430 2558 3463
4 336 8639 8063 7201
4 1214 5214 4957 6381
4 7540 443 7313 1146
4 4917 7409 4964 7896
4 3499 7825 7202 976
4 5653 4886 5295 3096
4 49 6702 6107 6176
4 1830 4509 818 4874
4 9307 9568 82 7595
4 4983 8612 3792 3047
4 5772 5982 4135 2274
4 7757 3607 5310 5713
4 3940 6252 3566 7136
4 2727 2964 1353 7516
4 2228 887 3309 7543
4 8338 3896 636 3293
4 9305 4240 4406 4185
4 3228 6168 8322 1851
4 1210 8485 7305 8608
4 4322 6550 9129 1203
4 71 4925 1988 9866
4 9433 8745 4940 5625
4 6935 1955 1671 7551
4 7145 1812 9527 7
4 9795 4141 8116 3142
4 3437 3114 594 1322
4 5383 7326 7579 2259
4 47 4131 5219 4235
4 1450 9552 1742 7231
4 2456 8465 8851 4637
4 4167 7359 5873 1094
4 9 1713 766 9539
4 3042 1934 5652 8387
4 4655 7583 3686 8803
4 5006 2686 9690 2962
4 532 7715 1050 8553
4 4074 1895 62 4475
4 4561 9525 4657 6129
4 5494 4847 723 7447
4 3844 727 2481 2293
4 9263 7083 4374 3357
4 3072 4112 6957 9532
4 2759 9235 4102 2982
4 8250 1946 8736 4076
4 9917 213 859 7308
4 7088 7032 8375 4619
4 2736 7196 8332 2342
4 3519 954 3196 9196
4 7648 4320 8010 5163
4 9946 5904 1724 1591
4 2045 6611 2652 4402
4 6547 9063 1418 3689
4 2726 9119 3155 3337
4 5777 8193 8767 2060
4 6882 850 2340 6178
4 7725 3170 1568 992
4 9106 8644 1433 7643
4 5172 4638 3672 2749
4 2544 9966 6534 5729
4 4490 9747 2085 2642
4 4912 4995 6558 3257
4 1621 9576 8626 2795
4 586 3775 2828 3542
4 3648 9344 3781 6038
4 120 201 8601 2628
4 3757 8478 1763 6571
4 5686 6913 8397 7814
4 7451 4139 7851 6567
4 7494 4550 5156 328
4 774 5931 7545 3112
4 7148 403 8138 3593
4 3889 9542 8997 2323
4 7464 4244 2862 4058
4 8186 2870 6134 6467
4 676 4150 2308 2036
4 9302 18 9151 8267
4 3376 3475 4390 3451
4 6537 7862 7079 3840
4 2300 58 4959 9559
4 9275 5081 8233 3869
4 9713 6927 8865 6147
4 8187 7316 9528 8242
4 1383 4044 3708 2123
4 2213 8115 5366 2814
4 9900 446 8849 8259
4 4480 7166 1839 8094
4 1711 8506 5845 6171
4 5609 7703 9243 3583
4 7445 2160 778 1160
4 3842 2305 8616 9873
4 7673 11 9605 8101
4 8079 2243 3950 5324
4 9320 1049 4837 5096
4 1936 2313 3526 5540
4 2267 1552 3126 8430
4 245 6123 7267 4284
4 654 9514 6359 2023
4 1136 1509 3106 3913
4 333 8286 6050 2944
4 8167 7944 9374 2985
4 5359 7953 687 6300
4 5136 8509 9921 2282
4 7726 373 4498 2920
4 4551 6580 2535 5854
4 7385 1845 3253 5209
4 8036 7466 1231 7008
4 4902 6777 3745 1767
4 706 7522 8367 5665
4 6842 9784 3899 5919
4 3618 2817 8348 2674
4 3632 2203 177 9283
4 6481 9722 9289 8721
4 65 9340 4965 7026
4 1427 4690 8701 7756
4 7922 2994 6989 9732
4 6060 9856 8563 6985
4 2718 7700 6638 7050
4 5600 9942 8834 2941
4 463 3002 8026 2572
4 593 5622 9111 4516
4 1359 7212 8047 780
4 3083 9649 9691 1996
4 4151 6329 8697 9366
4 7920 8346 1096 8253
4 6582 6313 4951 3229
4 1357 1817 7209 717
4 2619 745 9778 1372
4 9252 522 9443 4137
4 1085 2364 103 7629
4 1336 3356 4352 3485
4 2571 2009 6477 67
4 5962 8839 565 1861
4 2802 9779 251 4259
4 4582 8477 6602 9123
4 6316 6426 6363 3368
4 709 2112 2647 8811
4 4351 5891 6 9751
4 2351 3443 9325 6994
4 5909 2905 257 3089
4 7119 5793 7330 2536
4 8199 9365 1202 1001
4 9154 645 5492 8751
4 1340 7981 1787 7489
4 9124 214 2095 8947
4 171 7671 4293 877
4 1976 3496 3379 7911
4 8614 9546 4134 9629
4 332 5593 1510 4884
4 6415 1344 4357 60
4 9585 1701 9806 8200
4 2162 4477 3214 9930
4 3062 9363 2957 7613
4 3308 5239 5544 8163
4 188 6666 8923 5330
4 1820 1717 5149 5244
4 4557 9968 9974 4867
4 8501 4222 1740 8835
4 750 8529 5236 5332
4 6914 8003 5733 6956
4 9511 5518 4727 4696
4 1975 8779 7391 2776
4 7934 1505 1364 8651
4 4711 321 7677 8431
4 5991 6297 1800 7057
4 6342 4977 1883 2245
4 1351 296 9166 9545
4 1564 924 3750 3730
4 8658 2575 1965 1747
4 4331 6188 7415 4161
4 7439 4572 7153 9962
4 8040 1249 1522 7647
4 3120 8990 7344 6738
4 5529 5758 791 3473
4 5970 7210 9419 9426
4 8915 9341 5131 5028
4 2509 4415 5488 96
4 3579 2043 9550 5728
4 4717 5808 8579 1743
4 7699 5683 767 1061
4 8168 8056 902 8418
4 8449 7972 3087 8470
4 5835 6616 2265 7824
4 1714 3655 6627 6419
4 2573 1673 7250 797
4 5074 9271 9397 301
4 6042 55 8548 2809
4 6273 631 3306 385
4 8866 264 3845 6742
4 9569 5155 2952 8487
4 1200 6144 9626 1948
4 1523 197 4870 9853
4 3830 5720 8607 3167
4 773 7524 3834 2089
4 1178 1636 3223 9566
4 1889 8625 4367 3271
4 1508 6226 407 9572
4 5553 7748 6410 8132
4 6309 6336 4079 3978
4 8702 3137 6377 5864
4 9797 8659 2055 6192
4 4960 9048 1476 9250
4 1810 7155 5375 730
4 3905 4600 2612 3791
4 7436 7567 4649 3673
4 8183 5610 875 6198
4 3557 9718 4043 6769
4 278 3870 6384 8671
4 1228 6058 4861 3944
4 1998 2486 9265 9952
4 4524 3001 5308 9843
4 4200 2353 9871 9689
4 283 8940 9746 1429
4 6028 1912 7443 3857
4 6747 8707 7412 2000
4 3 7253 8172 1853
4 5476 7302 2912 3278
4 85 3367 8204 3997
4 1483 6010 3028 6012
4 5170 9078 1140 8297
4 6662 9507 6146 7118
4 432 4532 5849 915
4 8677 5203 2927 3518
4 263 6981 9755 6578
4 836 8453 4179 7095
4 884 4706 1040 5207
4 1587 1720 4607 4469
4 4527 8683 3022 4883
4 7880 7103 7696 6757
4 6483 1708 7296 9695
4 8442 6110 3885 1378
4 513 995 464 4617
4 3728 7978 8964 4565
4 5803 8670 5174 3508
4 6320 1037 9464 1253
4 634 7617 6498 9908
4 1224 8929 1821 4474
4 2585 7603 1681 1073
4 7319 7861 7618 8722
4 2877 3877 8932 9880
4 6370 3561 3736 3375
4 3037 5197 559 4307
4 6444 1484 1684 7759
4 8750 4871 1923 520
4 1117 1526 1542 8328
4 2939 3362 8524 5902
4 3248 7536 9359 4521
4 4786 2627 1116 5785
4 8692 8895 137 1571
4 1152 6367 4038 2488
4 1154 2937 5462 9599
4 4439 6296 3511 9197
4 3892 7870 2798 8637
4 4361 8956 2592 8466
4 4292 4975 5278 17
4 8874 7823 5547 3544
4 3853 916 7678 172
4 5823 7041 56 846
4 1261 6656 6605 9961
4 1833 970 3107 6231
4 3055 7178 4946 4668
4 5341 1712 5941 6389
4 5839 7463 6965 2106
4 9769 6577 2185 6938
4 9849 2600 174 9984
4 1361 5441 6220 208
4 2566 9425 1726 3769
4 5705 9907 5446 145
4 8527 2368 6715 7130
4 5378 7255 5503 9350
4 5998 7238 529 451
4 760 5548 8516 9014
4 7215 10 5563 525
4 3050 6856 1430 1197
4 4604 1122 8714 738
4 5250 1765 3746 923
4 7363 7740 2716 9895
4 297 688 1601 3969
4 844 5151 9741 3134
4 1234 8363 9092 8673
4 1570 5649 9597 6364
4 3516 4663 4731 6266
4 8931 1487 6526 6205
4 5271 6583 6752 5118
4 9168 5579 7218 2165
4 556 6540 6133 9121
4 912 7778 8059 3540
4 1827 139 164 1648
4 2766 7624 1589 4093
4 5325 926 8833 7839
4 1963 2649 7558 6052
4 2407 9182 8239 7149
4 3104 2295 9450 8081
4 9161 2221 5007 117
4 2007 6451 5017 5056
4 3258 6396 7499 9214
4 4491 4126 480 3677
4 4990 7518 5899 5013
4 2484 4230 3674 628
4 5948 7152 2804 5574
4 8161 5627 2309 7983
4 211 8824 4627 9594
4 8044 8198 9490 8293
4 8650 2879 87 642
4 9246 9135 6623 8617
4 9390 6149 5875 3691
4 7346 7204 2848 2590
4 7692 1015 9719 7151
4 1010 2127 8247 1847
4 2555 656 2811 5879
4 6680 3276 2836 6157
4 1825 9588 4859 7278
4 3029 3932 6102 8305
4 6721 2125 1876 3480
4 7318 3608 2516 206
4 3828 6215 3973 9471
4 6645 7752 5513 6036
4 8609 289 8606 1943
4 8653 7954 178 2872
4 597 900 1735 3692
4 1866 4555 6731 9580
4 9414 1620 9286 5487
4 9776 3239 8652 931
4 28 7375 1856 1393
4 4650 6193 9852 6256
4 1159 1464 2697 9499
4 2538 4671 9382 5824
4 590 6350 8134 2226
4 1056 6685 9276 3132
4 1311 5815 4170 1642
4 6703 7888 1632 1205
4 8578 3891 5061 8258
4 1819 3808 6531 3092
4 3527 4573 5559 4054
4 4522 4496 8434 8537
4 834 4792 9637 8342
4 1129 5981 6152 1874
4 2999 8468 1718 9799
4 5058 1260 9238 6111
4 7764 6443 151 2732
4 124 307 1994 290
4 1877 6984 9407 53
4 6206 6741 8684 3573
4 3895 142 7413 9675
4 4933 7105 2190 4865
4 5094 7875 2490 6651
4 6053 1562 6228 1884
4 7475 4725 589 1888
4 236 4611 8967 7512
4 2705 4997 4857 4055
4 7542 4661 7777 4814
4 7734 9241 7610 7884
4 2091 6306 4692 7361
4 2428 9165 5418 5710
4 3980 5371 7993 8907
4 9748 1445 9714 9376
4 1704 9730 8035 6676
4 4442 253 6628 4989
4 9326 4636 5794 4091
4 3297 6932 4592 4875
4 4774 7219 9602 2765
4 8032 9530 2241 540
4 9761 9864 7286 1023
4 2020 3924 4066 3839
4 4703 7659 3912 2887
4 5644 7406 1837 3558
4 6155 6849 4187 7003
4 362 735 7090 4363
4 648 4926 4716 2565
4 1282 5235 7841 2854
4 4381 5044 3802 6827
4 5517 5035 898 2400
4 6557 1440 8123 1598
4 2254 3654 3945 8176
4 4506 9523 6365 7594
4 6326 9896 3498 9976
4 7526 7662 4904 6733
4 1595 5020 4656 4089
4 2461 3553 5916 5474
4 3531 4771 5671 4410
4 7074 9016 7382 6976
4 8423 8241 534 6794
4 2806 4064 2006 2457
4 3567 6289 5389 7374
4 6366 5530 2081 5205
4 6380 9650 7037 9922
4 7733 1467 358 8333
4 1339 1406 1471 7432
4 3422 9453 1332 1723
4 4559 7356 6673 6436
4 4773 5355 2320 7683
4 1533 4412 9220 689
4 8597 8432 6800 9848
4 9368 5898 9988 210
4 147 3760 4879 3906
4 404 6076 2783 9468
4 960 6988 489 8019
4 2375 33 7914 2907
4 5336 1422 5086 9879
4 8861 9456 146 5178
4 622 1584 1609 8894
4 4495 6857 4639 6514
4 6361 909 4720 7530
4 3323 3718 5457 6490
4 4375 5489 8376 5551
4 4478 4766 6778 7426
4 7821 8889 8043 6585
4 8715 8938 7768 7534
4 2381 7785 3704 8898
4 2389 3145 5856 7230
4 2462 8648 6528 9561
4 4011 7419 5633 7818
4 7943 9361 6784 6016
4 8153 7310 3244 8150
4 9043 3582 2401 1529
4 737 2874 5869 7249
4 1021 4452 9072 9192
4 2398 9703 396 3882
4 3617 9684 3595 1922
4 9726 2260 7175 8299
4 3914 2129 6208 3153
4 6340 7917 5901 8954
4 7592 3983 3299 9122
4 8823 1930 9631 3352
4 8845 3559 7770 5380
4 150 4953 5467 6870
4 1512 198 8325 5085
4 4026 4057 635 5776
4 39 5865 8712 6466
4 835 5255 7990 8425
4 1952 5461 8746 9143
4 3371 6202 9971 2191
4 3966 5920 1090 804
4 7013 3749 7010 6724
4 8679 4823 6834 3129
4 9222 4467 7454 9429
4 1886 3985 3188 5832
4 4202 4907 9183 9221
4 5522 7116 5615 5531
4 32 8238 947 5724
4 359 5556 9802 7956
4 512 9062 3136 45
4 3075 9549 6649 7596
4 3339 9667 3428 1507
4 7966 8682 6184 3811
4 711 1822 4124 2134
4 3564 9606 149 1761
4 4704 7480 9091 1347
4 7689 9734 2277 5908
4 9828 7809 8519 9868
4 678 2924 5896 4887
4 3011 4640 4208 6873
4 4016 6700 7220 2707
4 6421 7221 300 1256
4 170 2148 6243 5451
4 1100 2167 8196 3322
4 2343 6574 6705 7731
4 5756 7970 7876 8632
4 7186 3991 3641 4514
4 8276 2024 5566 849
4 9173 1382 6811 0
4 313 5939 8263 6203
4 3694 2467 6446 3020
4 4465 6160 5164 471
4 5047 7964 6264 6637
4 5584 9096 8752 8908
4 611 3121 9573 5166
4 2198 2278 8264 2672
4 3724 6248 8562 2495
4 9459 5954 7984 1908
4 1047 4708 8027 6553
4 4335 6681 9752 6015
4 4949 6659 9978 6903
4 5277 7975 9299 1157
4 8517 9996 6596 7425
4 1044 1199 2983 5657
4 1174 6522 8133 8801
4 4659 6942 7386 6726
4 7424 9891 9987 1181
4 9583 1179 9328 5449
4 1569 5240 5040 6648
4 2367 3681 4992 6017
4 2875 4215 3818 5362
4 4340 433 1106 5173
4 5860 5947 1593 4419
4 8711 1411 5721 6022
4 9068 3226 3127 3412
4 9210 3203 2062 1616
4 541 708 4286 9486
4 2337 4511 6112 7727
4 7384 9038 3517 1840
4 9633 6719 2506 4958
4 562 4790 5763 7521
4 5836 9721 8143 2702
4 7509 9836 1381 2296
4 8222 1668 8696 5813
4 514 3031 5536 6351
4 825 6478 8210 8202
4 3563 4456 3894 204
4 6246 8160 7500 968
4 355 4206 8864 8413
4 2025 4052 5496 8863
4 2601 5157 6492 6713
4 7555 1400 889 5730
4 8667 8336 7877 3235
4 8828 8810 3105 2954
4 608 465 2120 5198
4 1751 1768 4359 8139
4 70 1012 1535 5872
3 1409 2159 2329
3 2437 3330 3596
3 4092 4188 4742
3 6051 6275 6280
3 6864 7751 8006
3 8031 8876 8977
3 9920 9935 9995
3 234 240 530
3 919 955 1321
3 1843 2033 2578
3 3004 3657 3809
3 3972 4228 4801
3 4858 4943 5368
3 6263 6960 7633
3 8919 9198 9269
3 9418 131 270
3 430 431 456
3 1062 1640 2746
3 3311 3926 4000
3 5082 5606 1750
3 5751 6576 7397
3 7614 7729 7924
3 8089 8215 8454
3 9028 9187 9519
3 9600 9716 9768
3 97 372 500
3 620 978 1330
3 1939 2193 2604
3 2661 2762 2786
3 2949 3939 4046
3 5208 6008 6097
3 6698 6964 7995
3 8137 9201 9332
3 9446 9699 9767
3 136 439 673
3 1036 1259 1744
3 1980 2072 2632
3 2977 3956 4301
3 4534 4796 5191
3 5986 6003 6890
3 6161 6761 7170
3 7663 8401 8447
3 9086 9431 9538
3 9584 9656 885
3 1475 1519 1796
3 2102 2514 2694
3 2713 2772 3212
3 3590 4221 4798
3 4942 5245 5482
3 6565 6824 6835
3 6844 7407 7457
3 7991 8180 8822
3 9398 9944 24
3 183 956 1318
3 1649 1961 2074
3 2399 2595 3280
3 3370 4104 6137
3 6352 8252 8326
3 8383 8435 8568
3 9413 37 3793
3 86 1279 1694
3 2207 3060 3344
3 4238 4387 4502
3 4635 4777 5666
3 5732 5752 6121
3 6197 6450 6463
3 6809 6887 7674
3 7800 7881 7895
3 8037 8859 9075
3 9083 9855 457
3 1546 1983 2297
3 2881 2891 2953
3 3822 4783 4839
3 5994 6302 7461
3 7471 7554 7586
3 9036 458 487
3 602 756 1538
3 1755 3364 3543
3 4248 4358 4400
3 4595 5897 7362
3 5168 6959 6963
3 6972 7320 7357
3 7410 7724 7812
3 8314 8815 8900
3 9009 335 2144
3 2149 2210 2596
3 2608 2903 3052
3 3141 3951 4116
3 4399 4434 4596
3 5024 6311 6471
3 6915 7094 7206
3 7387 8093 8353
3 8766 8930 9035
3 9047 9094 9137
3 221 392 462
3 801 1371 1536
3 2028 2610 2741
3 2785 2956 3021
3 3347 3875 4339
3 4504 6332 9838
3 6353 6506 8486
3 9114 9215 9564
3 9578 40 1161
3 1678 1688 2837
3 2859 2892 3651
3 3789 4069 4994
3 5066 5628 6127
3 6448 6818 6925
3 7078 7602 7850
3 7889 9659 31
3 168 725 802
3 1453 2059 2412
3 2469 3887 4736
3 4877 4982 5181
3 5233 6148 6175
3 6232 8663 9709
3 9820 502 739
3 840 842 1009
3 1426 1778 2307
3 2683 4097 6944
3 2685 4291 4688
3 5106 5125 6229
3 6328 7557 7632
3 7694 7859 7959
3 8028 8438 8543
3 8737 9394 9651
3 9993 78 152
3 325 343 393
3 402 511 615
3 639 644 1220
3 1959 2101 2169
3 3012 3318 3841
3 4488 4549 5128
3 5817 6699 6725
3 7960 8022 8426
3 8576 9015 9223
3 9540 9595 9678
3 229 613 1043
3 1869 2950 4567
3 4689 4787 5631
3 5558 5719 5959
3 6473 7395 7742
3 8804 9489 34
3 68 793 848
3 2388 4031 4099
3 5190 5422 5676
3 5882 6034 7423
3 7803 7971 8256
3 8643 8950 9227
3 726 953 1080
3 1165 1377 1807
3 1979 2242 2472
3 3123 3555 3679
3 3743 3903 4826
3 4855 4880 6315
3 6746 6952 7314
3 7532 7631 7697
3 7994 8097 8903
3 9957 13 20
3 252 305 1892
3 413 467 579
3 640 1167 1270
3 3515 3698 4723
3 4969 5443 5731
3 5850 5881 6005
3 6225 6452 7132
3 7430 7581 9887
3 9892 76 153
3 477 860 1502
3 1590 2002 2137
3 2164 2215 2304
3 2669 3396 3509
3 4047 4298 4811
3 5212 5951 6357
3 6922 7176 7666
3 8398 8571 8629
3 9274 9475 57
3 346 740 2929
3 3621 3665 4078
3 4173 4267 7826
3 4451 4750 5863
3 5950 6046 6095
3 6189 6291 6479
3 6563 6674 7496
3 9280 193 293
3 395 414 649
3 1369 1549 1586
3 1953 2019 2232
3 2358 2432 2527
3 2629 2898 3233
3 3246 3581 4155
3 4245 4246 4279
3 4554 4679 4922
3 5146 5161 5829
3 7036 7713 7906
3 7951 8212 9337
3 9524 83 937
3 949 1276 1416
3 2799 3146 3449
3 3761 3902 7024
3 4249 4662 5026
3 5346 6104 6210
3 6544 6740 7252
3 7565 7804 8206
3 8456 8821 8986
3 9065 9830 554
3 568 868 1084
3 1194 1286 1504
3 1650 2531 2533
3 2634 2751 2824
3 3161 3261 3482
3 3504 3838 4030
3 4311 4314 4747
3 5895 6244 7194
3 9157 9234 9313
3 9526 16 23
3 444 1516 1793
3 2529 2668 3263
3 3431 3748 3773
3 3806 4537 9105
3 4653 4856 5200
3 5387 5714 6270
3 6630 7197 7236
3 7653 7743 7813
3 8229 8498 8675
3 9294 9543 982
3 1031 1032 1118
3 1250 1514 1527
3 1532 2047 2303
3 3174 3332 3911
3 3930 4176 4328
3 4398 4501 4767
3 5401 5672 6258
3 6294 6664 7018
3 7490 7963 8277
3 8440 8965 9333
3 9458 9488 9496
3 9635 9692 9810
3 675 1201 1296
3 1452 1891 4623
3 1986 2442 3316
3 4001 4578 4841
3 4892 4914 5237
3 6245 6612 6828
3 6920 7150 7559
3 8201 8355 8642
3 8952 9551 9680
3 9958 499 1027
3 1606 1618 2143
3 2264 2422 2671
3 2712 3125 3513
3 3824 3880 4713
3 4935 5059 5175
3 5199 5373 5834
3 5980 6430 6494
3 6510 6569 6693
3 6744 6822 6852
3 6962 8179 8289
3 8654 8727 8729
3 9085 9251 9260
3 9711 225 365
3 459 858 3099
3 3407 3747 4144
3 4164 4447 4605
3 4775 4898 5043
3 5641 5769 6093
3 7622 7761 8067
3 8177 8918 9002
3 9022 9149 9858
3 30 115 2328
3 3147 3570 4095
3 4407 5097 5400
3 6604 7237 7418
3 7828 7957 8235
3 8593 8808 8897
3 8981 9272 9655
3 123 185 1058
3 1806 1898 1951
3 2335 2402 3274
3 3547 6118 7849
3 4562 6130 6600
3 6846 7600 8382
3 8567 9181 9611
3 9624 9985 94
3 576 1110 1132
3 1669 1865 1978
3 2235 2570 2946
3 3355 4156 4482
3 4558 5098 5471
3 5831 6002 6126
3 6323 6398 6590
3 6727 6766 6851
3 7048 7190 7721
3 8108 8472 8756
3 8978 9073 1639
3 2046 2205 2220
3 2240 2466 4197
3 4325 4546 4694
3 4840 5077 5442
3 6078 6090 7315
3 6472 6669 6899
3 6993 7085 7127
3 7247 7273 7616
3 7665 7868 7899
3 8340 8388 8393
3 8753 8806 9771
3 9927 473 896
3 1288 1754 1835
3 2333 2582 2591
3 3078 3587 3615
3 3883 4489 4804
3 5019 5041 5505
3 5812 5944 6223
3 6304 6524 6711
3 7329 7634 7693
3 7805 8129 8372
3 8572 8734 9338
3 9613 9745 9859
3 160 516 899
3 1266 1271 1848
3 1774 2105 2216
3 2294 2911 3506
3 4564 5323 6774
3 7460 8640 22
3 101 143 419
3 1137 1192 1212
3 1313 1849 2234
3 2549 2730 3265
3 3324 3664 3878
3 3884 4172 5140
3 5189 5460 5613
3 5621 5702 5800
3 6356 6560 6671
3 6697 6739 6990
3 7275 7815 8573
3 9003 9013 9603
3 9877 9948 1086
3 1653 2136 2199
3 2237 2754 3038
3 3281 3933 7491
3 3439 4308 4312
3 4746 5276 6803
3 7121 7123 8021
3 8994 8996 9134
3 417 558 753
3 906 1699 2390
3 2453 2781 2793
3 3097 3402 3578
3 3849 4217 4255
3 5134 5171 5268
3 5397 6063 6064
3 6581 7686 7931
3 8773 9029 9261
3 9679 9744 381
3 550 796 1127
3 1170 1461 1480
3 1488 1656 2016
3 2268 2289 2417
3 2852 3782 3873
3 4136 4196 4918
3 4394 4599 4818
3 5234 5426 5523
3 5598 5903 6023
3 6035 6414 6595
3 6636 6831 7510
3 8084 8411 8716
3 9008 9194 9230
3 9844 159 219
3 472 828 1093
3 1172 1624 1783
3 2406 2444 2621
3 2775 2951 3131
3 3381 3491 3817
3 3888 4613 4630
3 4678 5246 5253
3 6096 6132 6261
3 6520 7117 7233
3 7400 7786 8049
3 8166 8316 8464
3 8759 8789 8793
3 9759 9901 133
3 217 279 845
3 893 1404 1627
3 1665 1814 1867
3 1985 2068 2334
3 2731 3262 3300
3 3334 3442 3783
3 3965 4094 4910
3 5736 5770 6227
3 6373 6432 6517
3 6529 6953 7309
3 7684 7788 7903
3 8539 8618 8633
3 8987 218 610
3 1208 1221 1781
3 1801 1836 2065
3 2281 2554 2711
3 2750 2987 3312
3 3401 3584 3721
3 3744 4193 5577
3 4088 4479 4487
3 4932 5313 5391
3 5398 5586 5917
3 5966 5972 6180
3 7501 7925 7969
3 8165 9502 9534
3 9535 9575 401
3 651 669 990
3 1184 1646 1899
3 1904 2722 3445
3 3539 3862 3927
3 4894 5064 5104
3 5132 5370 6417
3 6586 6812 7110
3 7371 7388 7675
3 7898 7980 8665
3 9200 9660 89
3 545 934 1292
3 1638 1716 2184
3 2326 2376 7289
3 2464 2947 3076
3 3085 3124 3216
3 3411 3929 3947
3 4428 4529 4538
3 4544 4981 5481
3 5594 5599 7065
3 7502 7672 7695
3 8638 8694 9754
3 9770 9846 9882
3 9941 144 163
3 249 292 757
3 771 827 977
3 1130 1299 1683
3 1928 1935 2087
3 2173 2560 3017
3 3424 3521 3807
3 4628 4669 5345
3 5511 6259 6405
3 6770 7043 7664
3 7902 7907 8525
3 8015 8268 8584
3 8842 8934 9156
3 9209 9356 207
3 304 894 930
3 1120 1138 1469
3 1870 2022 2050
3 2057 2463 2480
3 2567 2835 2990
3 3115 3580 4163
3 4833 5122 6068
3 6307 6409 6497
3 6805 6958 6973
3 7096 7177 7608
3 7744 8732 9089
3 9140 9670 157
3 199 241 288
3 316 618 691
3 1209 1331 2011
3 3313 3610 3941
3 4149 4646 5429
3 4553 4842 4882
3 5804 6331 7014
3 7134 7223 7274
3 7553 7962 8273
3 8709 8776 8853
3 9785 9860 287
3 356 643 728
3 865 2179 2227
3 2564 3178 3186
3 3353 3541 3893
3 4337 4392 4948
3 5192 5514 5725
3 6301 6425 6541
3 6897 7163 7216
3 7544 7640 7642
3 7878 8068 8298
3 8409 8502 8886
3 9152 9179 9225
3 9491 108 616
3 819 862 1574
3 1227 1277 1652
3 1841 1958 1971
3 2288 2418 2805
3 3006 3753 4226
3 4355 4468 4714
3 4789 5060 5182
3 5206 5254 5329
3 5550 5578 5663
3 5718 6213 6387
3 6513 6904 7019
3 7229 7298 7546
3 7795 8534 8645
3 8870 9100 9367
3 9406 9647 9710
3 9863 186 425
3 733 784 867
3 1495 1809 2163
3 2239 2563 2841
3 3425 3438 3536
3 3798 4143 5534
3 4508 4598 4634
3 5424 5612 5658
3 5741 5825 5848
3 5952 6087 6629
3 6796 6814 7087
3 7948 8141 8310
3 8740 8941 9172
3 9232 9329 9553
3 9617 9870 9885
3 226 347 348
3 378 769 800
3 1376 1479 1563
3 1615 1661 1700
3 2201 2318 2344
3 2435 2577 2689
3 3208 3209 3712
3 3812 4693 4791
3 5510 5573 5611
3 5771 5958 6484
3 6620 7349 9582
3 7091 7556 8564
3 9158 9570 9590
3 9423 128 189
3 383 719 1685
3 789 1099 1403
3 2152 4290 4518
3 3917 4403 4726
3 4906 6125 6748
3 4986 6253 7333
3 7365 7434 7441
3 7799 8103 8309
3 8321 9314 9555
3 8771 9346 9862
3 9876 349 1788
3 415 441 633
3 958 1196 4211
3 1131 1235 1494
3 1909 1949 5183
3 2012 2451 2470
2 2586 4939
2 3213 4709
2 5294 5316
2 5409 6692
2 6701 6917
2 7060 7140
2 7459 7541
2 7580 7758
2 7835 7946
2 8064 8086
2 8347 8493
2 9205 9819
2 9954 203
2 291 361
2 703 831
2 863 1119
2 1180 1188
2 1230 1284
2 1679 1799
2 1868 1993
2 2356 2550
2 2382 2878
2 3327 3784
2 3859 3860
2 3949 4996
2 5148 5343
2 5379 6279
2 6456 6457
2 8080 8282
2 8379 8686
2 8960 9323
2 9737 4
2 280 388
2 405 509
2 693 782
2 935 1105
2 1323 1335
2 1611 1732
2 1818 2035
2 2384 2483
2 2498 4621
2 3247 3821
2 5410 5694
2 5779 6843
2 7479 7507
2 7669 7807
2 7965 8406
2 8412 8726
2 8875 9372
2 9999 200
2 227 258
2 268 922
2 1046 1074
2 1111 1133
2 1135 2324
2 2378 2579
2 2789 3394
2 3787 4254
2 4330 4344
2 4632 4633
2 4664 4675
2 4734 4950
2 5051 5699
2 5833 6085
2 6233 6407
2 7251 7307
2 7753 8410
2 8784 8955
2 8970 8985
2 9102 9663
2 9807 318
2 376 662
2 811 983
2 1029 1553
2 1987 2086
2 2311 2373
2 2386 2405
2 2541 2942
2 3292 3386
2 3389 3639
2 3922 4461
2 4107 4979
2 5356 5844
2 5977 6500
2 6635 6983
2 7667 7791
2 8461 8523
2 8791 9604
2 9636 9701
2 9724 9742
2 173 342
2 491 741
2 794 2030
2 2410 2508
2 2676 2715
2 3199 3385
2 3827 4371
2 4425 5005
2 5177 5327
2 6158 6371
2 6434 7399
2 7092 7322
2 8164 8374
2 8491 8602
2 8731 9148
2 9162 9186
2 9533 9557
2 9632 9644
2 9717 409
2 621 872
2 1534 1918
2 1992 2825
2 2883 3008
2 3756 3819
2 3866 4220
2 4273 4369
2 4810 5187
2 5266 5413
2 5885 6242
2 6254 6420
2 6647 7627
2 7340 7706
2 7820 7992
2 8136 8725
2 8872 9342
2 9773 69
2 148 195
2 821 917
2 984 1045
2 1063 1206
2 1329 1415
2 1439 1554
2 1705 1897
2 1969 2747
2 2934 3225
2 3267 3794
2 3799 3935
2 4323 4435
2 4651 4978
2 5073 5210
2 5399 5643
2 5957 6678
2 7069 7228
2 7636 7712
2 7832 8857
2 9282 9609
2 9977 312
2 435 437
2 483 508
2 605 652
2 901 1610
2 1731 2166
2 2172 2427
2 2503 2803
2 2873 2884
2 3058 3144
2 3227 3466
2 3474 3620
2 4032 4103
2 4214 4237
2 4260 4535
2 4356 4807
2 5045 5167
2 5265 5361
2 5470 5840
2 5853 5883
2 5979 6174
2 6234 6480
2 6499 7033
2 7093 7165
2 7243 7264
2 7276 7393
2 7408 7547
2 7736 7938
2 8613 8728
2 8758 8879
2 9159 9327
2 9362 9963
2 179 194
2 987 1305
2 1654 2330
2 2425 2500
2 2996 3636
2 4224 4372
2 4758 4822
2 4860 5340
2 5350 5508
2 5745 6077
2 6654 6675
2 6841 6901
2 7097 7172
2 7416 7588
2 7793 7915
2 8142 8395
2 8507 8535
2 8570 8770
2 8778 8780
2 9011 9070
2 9775 9787
2 9822 111
2 118 184
2 192 209
2 303 596
2 1142 2170
2 2206 2556
2 2769 3082
2 3476 3530
2 3879 3984
2 4577 4732
2 4890 4891
2 4972 6187
2 6853 7059
2 7427 7639
2 7789 8117
2 8144 8311
2 8786 8877
2 9380 9415
2 9749 478
2 482 729
2 1614 1728
2 1831 2520
2 3044 3189
2 3777 4175
2 4285 4376
2 5067 5107
2 5279 5557
2 6128 6141
2 7086 7098
2 7561 7578
2 7856 7883
2 7942 8038
2 8114 8224
2 8361 8405
2 8417 8961
2 8975 9218
2 9264 9421
2 9571 9931
2 121 230
2 274 908
2 1485 1517
2 1695 2485
2 1972 2512
2 2771 2808
2 2812 2974
2 3493 3716
2 3717 3727
2 4523 4724
2 4952 5696
2 5747 5906
2 5983 5993
2 6156 6308
2 6411 6614
2 6902 7075
2 7590 7741
2 8061 8135
2 8244 8272
2 9436 9556
2 156 781
2 1350 1496
2 1625 2039
2 2098 4232
2 3685 4470
2 4699 4899
2 5483 5504
2 6177 6559
2 6682 6720
2 6833 6937
2 7045 7077
2 7187 7483
2 7606 7847
2 8002 8009
2 8075 8462
2 8530 9031
2 9793 61
2 256 311
2 424 507
2 574 833
2 1177 1226
2 1283 1749
2 1937 2110
2 2271 2272
2 2532 2602
2 2827 3635
2 4063 4098
2 4333 4845
2 5213 5304
2 5533 5617
2 5727 5870
2 6265 6428
2 6429 6545
2 6607 7017
2 7730 7864
2 8011 8045
2 8110 8220
2 8500 8542
2 8561 8698
2 8797 8880
2 9126 9736
2 81 428
2 682 795
2 866 1326
2 1006 1171
2 1501 1513
2 1634 1696
2 1753 1804
2 1917 1984
2 2231 2298
2 2447 2657
2 3023 3053
2 3059 3108
2 3307 3690
2 4297 4427
2 4440 4588
2 4876 4913
2 4966 4980
2 5023 5158
2 5260 5262
2 5377 5382
2 5783 5938
2 6026 6971
2 7068 7248
2 7337 7404
2 7533 7550
2 8159 8494
2 8556 8635
2 8868 9301
2 9357 9457
2 9498 9686
2 406 538
2 803 903
2 959 1166
2 1622 1703
2 1789 2252
2 3268 3469
2 3993 4262
2 4305 5008
2 5480 5754
2 5907 6075
2 6293 6539
2 6551 6998
2 7022 7138
2 7030 7139
2 7292 7367
2 7682 7711
2 7830 7833
2 7929 8190
2 8441 8473
2 8850 8924
2 9007 9296
2 9521 9910
2 9932 182
2 1275 1307
2 1762 1932
2 2310 2357
2 2393 2583
2 2673 2900
2 3205 3266
2 3361 3534
2 3846 4591
2 4770 5472
2 5585 5910
2 5632 6021
2 6098 6237
2 6257 6412
2 6617 7067
2 7453 7514
2 7584 8555
2 8592 8968
2 9823 603
2 658 668
2 1149 1191
2 1824 2138
2 2645 3154
2 3286 3416
2 3705 3854
2 3963 4019
2 4048 4060
2 4283 4453
2 4793 4830
2 4843 4851
2 4893 5010
2 4923 5281
2 5693 5900
2 5926 6393
2 6519 6533
2 6799 6848
2 6859 7102
2 7129 7281
2 7523 7688
2 9042 9044
2 9548 9577
2 9698 25
2 224 275
2 341 452
2 698 921
2 1190 1612
2 1770 1878
2 2026 2385
2 2546 2664
2 2899 2928
2 2961 3591
2 3169 3382
2 3611 3803
2 3810 3994
2 4236 4571
2 4911 5100
2 5430 5640
2 6040 6222
2 6454 6643
2 6961 7000
2 7071 7574
2 7658 7985
2 8001 8085
2 8541 9189
2 9297 9311
2 9411 9861
2 9914 27
2 54 238
2 319 468
2 526 582
2 659 746
2 886 972
2 1302 1775
2 2153 2280
2 2656 2662
2 2709 3454
2 3523 3619
2 3696 3719
2 3990 4009
2 4691 5538
2 5809 5828
2 5838 6031
2 6119 6185
2 6195 6290
2 6334 6509
2 6592 6862
2 6923 7782
2 7852 7890
2 8000 8231
2 8334 8554
2 9059 9101
2 9146 9204
2 9229 9270
2 9554 9972
2 180 412
2 999 1134
2 1316 1667
2 1777 1873
2 2038 2525
2 2980 3156
2 3413 3754
2 4209 4525
2 4821 5386
2 5549 5635
2 6199 6283
2 6391 6491
2 6516 6772
2 6850 7011
2 7261 7488
2 7504 8034
2 8109 9720
2 8118 9024
2 9825 9933
2 379 422
2 573 1087
2 1237 1308
2 1725 1880
2 2010 2154
2 2758 3383
2 3645 3843
2 4034 4132
2 4174 4252
2 4520 4556
2 4581 4705
2 4987 5014
2 5227 5257
2 5697 5778
2 5859 5949
2 6163 6792
2 7222 8098
2 8318 8546
2 8344 8508
2 8757 9336
2 9150 9400
2 154 533
2 360 583
2 911 1290
2 986 1374
2 1401 1664
2 1915 1964
2 2431 2733
2 2706 2858
2 3201 3628
2 3340 3546
2 3643 4062
2 3788 4438
2 4976 5049
2 5029 5108
2 5153 5342
2 5406 5466
2 5527 5539
2 5619 5820
2 6631 7005
